error: Present weather table not found for station: {"state":"WB","area":"Kolkata","code":"100230"} - Error: Present weather table not found for station: {"state":"WB","area":"Kolkata","code":"100230"}
    at scrapePresentWeatherDataHtml (/Users/debajoydas/local-dev/weather-api/dist/service/StationWeatherDataScraper.js:106:15)
    at /Users/debajoydas/local-dev/weather-api/dist/service/StationWeatherDataScraper.js:176:28
    at Generator.next (<anonymous>)
    at /Users/debajoydas/local-dev/weather-api/dist/service/StationWeatherDataScraper.js:8:71
    at new Promise (<anonymous>)
    at __awaiter (/Users/debajoydas/local-dev/weather-api/dist/service/StationWeatherDataScraper.js:4:12)
    at scrapeWeatherData (/Users/debajoydas/local-dev/weather-api/dist/service/StationWeatherDataScraper.js:155:12)
    at /Users/debajoydas/local-dev/weather-api/dist/App.js:67:73
    at Generator.next (<anonymous>)
    at fulfilled (/Users/debajoydas/local-dev/weather-api/dist/App.js:28:58)
2023-06-08T08:40:01.878Z [31merror[39m: Present weather table not found for station: {"state":"WB","area":"Kolkata","code":"100230"} - Error: Present weather table not found for station: {"state":"WB","area":"Kolkata","code":"100230"}
    at scrapePresentWeatherDataHtml (/Users/debajoydas/local-dev/weather-api/dist/service/StationWeatherDataScraper.js:106:15)
    at /Users/debajoydas/local-dev/weather-api/dist/service/StationWeatherDataScraper.js:176:28
    at Generator.next (<anonymous>)
    at /Users/debajoydas/local-dev/weather-api/dist/service/StationWeatherDataScraper.js:8:71
    at new Promise (<anonymous>)
    at __awaiter (/Users/debajoydas/local-dev/weather-api/dist/service/StationWeatherDataScraper.js:4:12)
    at scrapeWeatherData (/Users/debajoydas/local-dev/weather-api/dist/service/StationWeatherDataScraper.js:155:12)
    at /Users/debajoydas/local-dev/weather-api/dist/App.js:67:73
    at Generator.next (<anonymous>)
    at fulfilled (/Users/debajoydas/local-dev/weather-api/dist/App.js:28:58)
2023-06-08 02:10:39 [31merror[39m: Present weather table not found for station: {"state":"WB","area":"Kolkata","code":"100230"} - Error: Present weather table not found for station: {"state":"WB","area":"Kolkata","code":"100230"}
    at scrapePresentWeatherDataHtml (/Users/debajoydas/local-dev/weather-api/dist/service/StationWeatherDataScraper.js:106:15)
    at /Users/debajoydas/local-dev/weather-api/dist/service/StationWeatherDataScraper.js:176:28
    at Generator.next (<anonymous>)
    at /Users/debajoydas/local-dev/weather-api/dist/service/StationWeatherDataScraper.js:8:71
    at new Promise (<anonymous>)
    at __awaiter (/Users/debajoydas/local-dev/weather-api/dist/service/StationWeatherDataScraper.js:4:12)
    at scrapeWeatherData (/Users/debajoydas/local-dev/weather-api/dist/service/StationWeatherDataScraper.js:155:12)
    at /Users/debajoydas/local-dev/weather-api/dist/App.js:67:73
    at Generator.next (<anonymous>)
    at fulfilled (/Users/debajoydas/local-dev/weather-api/dist/App.js:28:58)
2023-06-08 14:10:59 [31merror[39m: Present weather table not found for station: {"state":"WB","area":"Kolkata","code":"100230"} - Error: Present weather table not found for station: {"state":"WB","area":"Kolkata","code":"100230"}
    at scrapePresentWeatherDataHtml (/Users/debajoydas/local-dev/weather-api/dist/service/StationWeatherDataScraper.js:106:15)
    at /Users/debajoydas/local-dev/weather-api/dist/service/StationWeatherDataScraper.js:176:28
    at Generator.next (<anonymous>)
    at /Users/debajoydas/local-dev/weather-api/dist/service/StationWeatherDataScraper.js:8:71
    at new Promise (<anonymous>)
    at __awaiter (/Users/debajoydas/local-dev/weather-api/dist/service/StationWeatherDataScraper.js:4:12)
    at scrapeWeatherData (/Users/debajoydas/local-dev/weather-api/dist/service/StationWeatherDataScraper.js:155:12)
    at /Users/debajoydas/local-dev/weather-api/dist/App.js:67:73
    at Generator.next (<anonymous>)
    at fulfilled (/Users/debajoydas/local-dev/weather-api/dist/App.js:28:58)
2023-06-08 14:11:27 [31merror[39m: Present weather table not found for station: {"state":"WB","area":"Kolkata","code":"100230"}
Error: Present weather table not found for station: {"state":"WB","area":"Kolkata","code":"100230"}
    at scrapePresentWeatherDataHtml (/Users/debajoydas/local-dev/weather-api/dist/service/StationWeatherDataScraper.js:106:15)
    at /Users/debajoydas/local-dev/weather-api/dist/service/StationWeatherDataScraper.js:176:28
    at Generator.next (<anonymous>)
    at /Users/debajoydas/local-dev/weather-api/dist/service/StationWeatherDataScraper.js:8:71
    at new Promise (<anonymous>)
    at __awaiter (/Users/debajoydas/local-dev/weather-api/dist/service/StationWeatherDataScraper.js:4:12)
    at scrapeWeatherData (/Users/debajoydas/local-dev/weather-api/dist/service/StationWeatherDataScraper.js:155:12)
    at /Users/debajoydas/local-dev/weather-api/dist/App.js:67:73
    at Generator.next (<anonymous>)
    at fulfilled (/Users/debajoydas/local-dev/weather-api/dist/App.js:28:58)
2023-06-08 14:12:07 [31merror[39m: Forecast table not found for station: {"state":"WB","area":"Kolkata","code":"100230"}
Error: Forecast table not found for station: {"state":"WB","area":"Kolkata","code":"100230"}
    at scrapeForecastDataHtml (/Users/debajoydas/local-dev/weather-api/dist/service/StationWeatherDataScraper.js:42:15)
    at /Users/debajoydas/local-dev/weather-api/dist/service/StationWeatherDataScraper.js:167:29
    at Generator.next (<anonymous>)
    at /Users/debajoydas/local-dev/weather-api/dist/service/StationWeatherDataScraper.js:8:71
    at new Promise (<anonymous>)
    at __awaiter (/Users/debajoydas/local-dev/weather-api/dist/service/StationWeatherDataScraper.js:4:12)
    at scrapeWeatherData (/Users/debajoydas/local-dev/weather-api/dist/service/StationWeatherDataScraper.js:155:12)
    at /Users/debajoydas/local-dev/weather-api/dist/App.js:67:73
    at Generator.next (<anonymous>)
    at fulfilled (/Users/debajoydas/local-dev/weather-api/dist/App.js:28:58)
2023-06-08 14:12:07 [31merror[39m: Present weather table not found for station: {"state":"WB","area":"Kolkata","code":"100230"}
Error: Present weather table not found for station: {"state":"WB","area":"Kolkata","code":"100230"}
    at scrapePresentWeatherDataHtml (/Users/debajoydas/local-dev/weather-api/dist/service/StationWeatherDataScraper.js:106:15)
    at /Users/debajoydas/local-dev/weather-api/dist/service/StationWeatherDataScraper.js:176:28
    at Generator.next (<anonymous>)
    at /Users/debajoydas/local-dev/weather-api/dist/service/StationWeatherDataScraper.js:8:71
    at new Promise (<anonymous>)
    at __awaiter (/Users/debajoydas/local-dev/weather-api/dist/service/StationWeatherDataScraper.js:4:12)
    at scrapeWeatherData (/Users/debajoydas/local-dev/weather-api/dist/service/StationWeatherDataScraper.js:155:12)
    at /Users/debajoydas/local-dev/weather-api/dist/App.js:67:73
    at Generator.next (<anonymous>)
    at fulfilled (/Users/debajoydas/local-dev/weather-api/dist/App.js:28:58)
2023-06-08 14:14:02 [31merror[39m: Present weather table not found for station: {"state":"WB","area":"Kolkata","code":"100230"}
Error: Present weather table not found for station: {"state":"WB","area":"Kolkata","code":"100230"}
    at scrapePresentWeatherDataHtml (/Users/debajoydas/local-dev/weather-api/dist/service/StationWeatherDataScraper.js:106:15)
    at /Users/debajoydas/local-dev/weather-api/dist/service/StationWeatherDataScraper.js:176:28
    at Generator.next (<anonymous>)
    at /Users/debajoydas/local-dev/weather-api/dist/service/StationWeatherDataScraper.js:8:71
    at new Promise (<anonymous>)
    at __awaiter (/Users/debajoydas/local-dev/weather-api/dist/service/StationWeatherDataScraper.js:4:12)
    at scrapeWeatherData (/Users/debajoydas/local-dev/weather-api/dist/service/StationWeatherDataScraper.js:155:12)
    at /Users/debajoydas/local-dev/weather-api/dist/App.js:67:73
    at Generator.next (<anonymous>)
    at fulfilled (/Users/debajoydas/local-dev/weather-api/dist/App.js:28:58)
2023-06-08 16:49:03 [31merror[39m: Present weather table not found for station: {"state":"WB","area":"Kolkata","code":"100230"}
Error: Present weather table not found for station: {"state":"WB","area":"Kolkata","code":"100230"}
    at scrapePresentWeatherDataHtml (/Users/debajoydas/local-dev/weather-api/dist/service/scraper/StationWeatherDataScraper.js:95:15)
    at /Users/debajoydas/local-dev/weather-api/dist/service/scraper/StationWeatherDataScraper.js:165:28
    at Generator.next (<anonymous>)
    at /Users/debajoydas/local-dev/weather-api/dist/service/scraper/StationWeatherDataScraper.js:8:71
    at new Promise (<anonymous>)
    at __awaiter (/Users/debajoydas/local-dev/weather-api/dist/service/scraper/StationWeatherDataScraper.js:4:12)
    at scrapeWeatherData (/Users/debajoydas/local-dev/weather-api/dist/service/scraper/StationWeatherDataScraper.js:144:12)
    at /Users/debajoydas/local-dev/weather-api/dist/App.js:67:73
    at Generator.next (<anonymous>)
    at fulfilled (/Users/debajoydas/local-dev/weather-api/dist/App.js:28:58)
2023-06-08 17:04:12 [31merror[39m: Present weather table not found for station: {"state":"WB","area":"Kolkata","code":"100230"}
Error: Present weather table not found for station: {"state":"WB","area":"Kolkata","code":"100230"}
    at scrapePresentWeatherDataHtml (/Users/debajoydas/local-dev/imd-weather-scraper-rest/dist/service/scraper/StationWeatherDataScraper.js:95:15)
    at /Users/debajoydas/local-dev/imd-weather-scraper-rest/dist/service/scraper/StationWeatherDataScraper.js:165:28
    at Generator.next (<anonymous>)
    at /Users/debajoydas/local-dev/imd-weather-scraper-rest/dist/service/scraper/StationWeatherDataScraper.js:8:71
    at new Promise (<anonymous>)
    at __awaiter (/Users/debajoydas/local-dev/imd-weather-scraper-rest/dist/service/scraper/StationWeatherDataScraper.js:4:12)
    at scrapeWeatherData (/Users/debajoydas/local-dev/imd-weather-scraper-rest/dist/service/scraper/StationWeatherDataScraper.js:144:12)
    at /Users/debajoydas/local-dev/imd-weather-scraper-rest/dist/App.js:67:73
    at Generator.next (<anonymous>)
    at fulfilled (/Users/debajoydas/local-dev/imd-weather-scraper-rest/dist/App.js:28:58)
2023-06-08 17:36:12 [31merror[39m: Present weather table not found for station: {"state":"WB","area":"Kolkata","code":"100230"}
Error: Present weather table not found for station: {"state":"WB","area":"Kolkata","code":"100230"}
    at scrapePresentWeatherDataHtml (/Users/debajoydas/local-dev/imd-weather-scraper-rest/dist/service/scraper/StationWeatherDataScraper.js:95:15)
    at /Users/debajoydas/local-dev/imd-weather-scraper-rest/dist/service/scraper/StationWeatherDataScraper.js:160:28
    at Generator.next (<anonymous>)
    at /Users/debajoydas/local-dev/imd-weather-scraper-rest/dist/service/scraper/StationWeatherDataScraper.js:8:71
    at new Promise (<anonymous>)
    at __awaiter (/Users/debajoydas/local-dev/imd-weather-scraper-rest/dist/service/scraper/StationWeatherDataScraper.js:4:12)
    at scrapeWeatherData (/Users/debajoydas/local-dev/imd-weather-scraper-rest/dist/service/scraper/StationWeatherDataScraper.js:139:12)
    at /Users/debajoydas/local-dev/imd-weather-scraper-rest/dist/App.js:67:73
    at Generator.next (<anonymous>)
    at fulfilled (/Users/debajoydas/local-dev/imd-weather-scraper-rest/dist/App.js:28:58)
2023-06-08 18:54:59 [31merror[39m: Present weather table not found for station: {"state":"WB","area":"Kolkata","code":"100230"}
Error: Present weather table not found for station: {"state":"WB","area":"Kolkata","code":"100230"}
    at scrapePresentWeatherDataHtml (/Users/debajoydas/local-dev/imd-weather-scraper-rest/dist/service/scraper/StationWeatherDataScraper.js:95:15)
    at /Users/debajoydas/local-dev/imd-weather-scraper-rest/dist/service/scraper/StationWeatherDataScraper.js:163:28
    at Generator.next (<anonymous>)
    at fulfilled (/Users/debajoydas/local-dev/imd-weather-scraper-rest/dist/service/scraper/StationWeatherDataScraper.js:5:58)
    at process.processTicksAndRejections (node:internal/process/task_queues:95:5)
2023-06-08 19:05:12 [31merror[39m: Present weather table not found for station: {"state":"West Bengal","area":"Falakata","code":"100230"}
Error: Present weather table not found for station: {"state":"West Bengal","area":"Falakata","code":"100230"}
    at scrapePresentWeatherDataHtml (/Users/debajoydas/local-dev/imd-weather-scraper-rest/dist/service/scraper/StationWeatherDataScraper.js:95:15)
    at /Users/debajoydas/local-dev/imd-weather-scraper-rest/dist/service/scraper/StationWeatherDataScraper.js:163:28
    at Generator.next (<anonymous>)
    at fulfilled (/Users/debajoydas/local-dev/imd-weather-scraper-rest/dist/service/scraper/StationWeatherDataScraper.js:5:58)
    at process.processTicksAndRejections (node:internal/process/task_queues:95:5)
2023-06-08 19:07:58 [31merror[39m: Present weather table not found for station: {"state":"Tamil Nadu","area":"Vellakoil","code":"100493"}
Error: Present weather table not found for station: {"state":"Tamil Nadu","area":"Vellakoil","code":"100493"}
    at scrapePresentWeatherDataHtml (/Users/debajoydas/local-dev/imd-weather-scraper-rest/dist/service/scraper/StationWeatherDataScraper.js:95:15)
    at /Users/debajoydas/local-dev/imd-weather-scraper-rest/dist/service/scraper/StationWeatherDataScraper.js:163:28
    at Generator.next (<anonymous>)
    at fulfilled (/Users/debajoydas/local-dev/imd-weather-scraper-rest/dist/service/scraper/StationWeatherDataScraper.js:5:58)
    at process.processTicksAndRejections (node:internal/process/task_queues:95:5)
2023-06-08 19:08:54 [31merror[39m: Present weather table not found for station: {"state":"Tamil Nadu","area":"Vellakoil","code":"100493"}
Error: Present weather table not found for station: {"state":"Tamil Nadu","area":"Vellakoil","code":"100493"}
    at scrapePresentWeatherDataHtml (/Users/debajoydas/local-dev/imd-weather-scraper-rest/dist/service/scraper/StationWeatherDataScraper.js:95:15)
    at /Users/debajoydas/local-dev/imd-weather-scraper-rest/dist/service/scraper/StationWeatherDataScraper.js:163:28
    at Generator.next (<anonymous>)
    at fulfilled (/Users/debajoydas/local-dev/imd-weather-scraper-rest/dist/service/scraper/StationWeatherDataScraper.js:5:58)
    at process.processTicksAndRejections (node:internal/process/task_queues:95:5)
2023-06-08 19:10:40 [31merror[39m: Present weather table not found for station: {"state":"Tamil Nadu","area":"Vellakoil","code":"100493"}
Error: Present weather table not found for station: {"state":"Tamil Nadu","area":"Vellakoil","code":"100493"}
    at scrapePresentWeatherDataHtml (/Users/debajoydas/local-dev/imd-weather-scraper-rest/dist/service/scraper/StationWeatherDataScraper.js:95:15)
    at /Users/debajoydas/local-dev/imd-weather-scraper-rest/dist/service/scraper/StationWeatherDataScraper.js:163:28
    at Generator.next (<anonymous>)
    at fulfilled (/Users/debajoydas/local-dev/imd-weather-scraper-rest/dist/service/scraper/StationWeatherDataScraper.js:5:58)
    at process.processTicksAndRejections (node:internal/process/task_queues:95:5)
2023-06-08 19:22:35 [31merror[39m: Present weather table not found for station: {"state":"Tamil Nadu","area":"Vellakoil","code":"100493"}
Error: Present weather table not found for station: {"state":"Tamil Nadu","area":"Vellakoil","code":"100493"}
    at scrapePresentWeatherDataHtml (/Users/debajoydas/local-dev/imd-weather-scraper-rest/dist/service/scraper/StationWeatherDataScraper.js:95:15)
    at /Users/debajoydas/local-dev/imd-weather-scraper-rest/dist/service/scraper/StationWeatherDataScraper.js:163:28
    at Generator.next (<anonymous>)
    at fulfilled (/Users/debajoydas/local-dev/imd-weather-scraper-rest/dist/service/scraper/StationWeatherDataScraper.js:5:58)
    at process.processTicksAndRejections (node:internal/process/task_queues:95:5)
